2026-01-16 11:10:23,698 INFO ⏭ No rl.com URL configured for 'Betfred Challenge Cup' yet; skipping.
2026-01-16 11:10:23,698 INFO ⏭ No rl.com URL configured for 'Betfred Championship' yet; skipping.
2026-01-16 11:10:23,698 INFO 🔍 Scanning: Betfred Super League -> https://www.rugby-league.com/competitions/pro-national/betfred-super-league/match-centre
2026-01-16 11:10:24,169 INFO ✅ Betfred Super League: 14 team strings
2026-01-16 11:16:47,674 INFO ⏭ No rl.com URL configured for 'Betfred Challenge Cup' yet; skipping.
2026-01-16 11:16:47,674 INFO ⏭ No rl.com URL configured for 'Betfred Championship' yet; skipping.
2026-01-16 11:16:47,674 INFO 🔍 Scanning: Betfred Super League -> https://www.rugby-league.com/competitions/pro-national/betfred-super-league/match-centre
2026-01-16 11:16:47,790 INFO ✅ Betfred Super League: 14 team strings
2026-01-16 11:19:22,922 INFO ⏭ No rl.com URL configured for 'Betfred Challenge Cup' yet; skipping.
2026-01-16 11:19:22,922 INFO ⏭ No rl.com URL configured for 'Betfred Championship' yet; skipping.
2026-01-16 11:19:22,922 INFO 🔍 Scanning: Betfred Super League -> https://www.rugby-league.com/competitions/pro-national/betfred-super-league/match-centre
2026-01-16 11:19:23,049 INFO ✅ Betfred Super League: 14 team strings
2026-01-16 11:20:46,308 INFO ⏭ No rl.com URL configured for 'Betfred Challenge Cup' yet; skipping.
2026-01-16 11:20:46,308 INFO ⏭ No rl.com URL configured for 'Betfred Championship' yet; skipping.
2026-01-16 11:20:46,309 INFO 🔍 Scanning: Betfred Super League -> https://www.rugby-league.com/competitions/pro-national/betfred-super-league/match-centre
2026-01-16 11:20:46,456 INFO ✅ Betfred Super League: 14 team strings
2026-01-16 11:22:39,133 INFO ⏭ No rl.com URL configured for 'Betfred Challenge Cup' yet; skipping.
2026-01-16 11:22:39,134 INFO ⏭ No rl.com URL configured for 'Betfred Championship' yet; skipping.
2026-01-16 11:22:39,134 INFO 🔍 Scanning: Betfred Super League -> https://www.rugby-league.com/competitions/pro-national/betfred-super-league/match-centre
2026-01-16 11:22:39,258 INFO ✅ Betfred Super League: 14 team strings
2026-01-16 11:25:00,553 INFO ✅ Database connection established.
2026-01-16 11:25:00,554 INFO 📦 Using competitions table: wpkl_pool_wpkl_scrape_competitions
2026-01-16 11:25:00,554 INFO 📘 Active competitions for 2026-01-16: ['Betfred Challenge Cup', 'Betfred Championship', 'Betfred Super League']
2026-01-16 11:25:00,555 INFO 🔍 Scanning: Betfred Challenge Cup -> https://www.rugby-league.com/competitions/cup/betfred-challenge-cup/match-centre
2026-01-16 11:25:00,655 INFO 🔎 Fixture blocks found: 0
2026-01-16 11:25:00,657 INFO ✅ Betfred Challenge Cup: 0 team strings
2026-01-16 11:25:00,657 WARNING ⚠ Betfred Challenge Cup: 0 teams found. Page structure may differ or no fixtures loaded.
2026-01-16 11:25:00,657 INFO 🔍 Scanning: Betfred Championship -> https://www.rugby-league.com/competitions/pro-national/betfred-championship/match-centre
2026-01-16 11:25:00,755 INFO 🔎 Fixture blocks found: 0
2026-01-16 11:25:00,756 INFO ✅ Betfred Championship: 0 team strings
2026-01-16 11:25:00,756 WARNING ⚠ Betfred Championship: 0 teams found. Page structure may differ or no fixtures loaded.
2026-01-16 11:25:00,756 INFO 🔍 Scanning: Betfred Super League -> https://www.rugby-league.com/competitions/pro-national/betfred-super-league/match-centre
2026-01-16 11:25:00,863 INFO 🔎 Fixture blocks found: 12
2026-01-16 11:25:00,866 INFO ✅ Betfred Super League: 14 team strings
2026-01-16 11:25:52,094 INFO ✅ Database connection established.
2026-01-16 11:25:52,094 INFO 📦 Using competitions table: wpkl_pool_wpkl_scrape_competitions
2026-01-16 11:25:52,094 INFO 📘 Active competitions for 2026-01-16: ['Betfred Challenge Cup', 'Betfred Championship', 'Betfred Super League']
2026-01-16 11:25:52,095 INFO 🔍 Scanning: Betfred Challenge Cup -> https://www.rugby-league.com/competitions/pro-national/betfred-challenge-cup/match-centre
2026-01-16 11:25:52,543 INFO 🔎 Fixture blocks found: 9
2026-01-16 11:25:52,545 INFO ✅ Betfred Challenge Cup: 18 team strings
2026-01-16 11:25:52,545 INFO 🔍 Scanning: Betfred Championship -> https://www.rugby-league.com/competitions/pro-national/betfred-championship/match-centre
2026-01-16 11:25:52,641 INFO 🔎 Fixture blocks found: 0
2026-01-16 11:25:52,642 INFO ✅ Betfred Championship: 0 team strings
2026-01-16 11:25:52,642 WARNING ⚠ Betfred Championship: 0 teams found. Page structure may differ or no fixtures loaded.
2026-01-16 11:25:52,642 INFO 🔍 Scanning: Betfred Super League -> https://www.rugby-league.com/competitions/pro-national/betfred-super-league/match-centre
2026-01-16 11:25:52,758 INFO 🔎 Fixture blocks found: 12
2026-01-16 11:25:52,761 INFO ✅ Betfred Super League: 14 team strings
2026-01-16 11:27:06,726 INFO ✅ Database connection established.
2026-01-16 11:27:06,726 INFO 📦 Using competitions table: wpkl_pool_wpkl_scrape_competitions
2026-01-16 11:27:06,727 INFO 📘 Active competitions for 2026-01-16: ['Betfred Challenge Cup', 'Betfred Championship', 'Betfred Super League']
2026-01-16 11:27:06,727 INFO 🔍 Scanning: Betfred Challenge Cup -> https://www.rugby-league.com/competitions/pro-national/betfred-challenge-cup/match-centre
2026-01-16 11:27:06,859 INFO 🔎 Fixture blocks found: 9
2026-01-16 11:27:06,861 INFO ✅ Betfred Challenge Cup: 18 team strings
2026-01-16 11:27:06,862 INFO 🔍 Scanning: Betfred Championship -> https://www.rugby-league.com/competitions/pro-national/betfred-championship
2026-01-16 11:27:07,191 INFO 🔎 Fixture blocks found: 14
2026-01-16 11:27:07,195 INFO ✅ Betfred Championship: 19 team strings
2026-01-16 11:27:07,195 INFO 🔍 Scanning: Betfred Super League -> https://www.rugby-league.com/competitions/pro-national/betfred-super-league/match-centre
2026-01-16 11:27:07,325 INFO 🔎 Fixture blocks found: 12
2026-01-16 11:27:07,328 INFO ✅ Betfred Super League: 14 team strings
